<?xml version="1.0" encoding="UTF-8"?>
<!-- Generated by org.testng.reporters.JUnitXMLReporter -->
<testsuite hostname="LAPTOP-6I37K8RN" ignored="5" name="Default test" tests="1" failures="0" timestamp="2022-02-24T00:23:59 IST" time="6.218" errors="0">
  <testcase name="verifyAutocomplete" time="6.172" classname="com.training.test.LoginTest"/>
  <testcase name="verifywindowsFunctionality" time="0.0" classname="com.training.test.LoginTest">
    <ignored/>
  </testcase> <!-- verifywindowsFunctionality -->
  <testcase name="verifyToolTip" time="0.0" classname="com.training.test.LoginTest">
    <ignored/>
  </testcase> <!-- verifyToolTip -->
  <testcase name="verifytab" time="0.0" classname="com.training.test.LoginTest">
    <ignored/>
  </testcase> <!-- verifytab -->
  <testcase name="verifyLogin" time="0.0" classname="com.training.test.LoginTest">
    <ignored/>
  </testcase> <!-- verifyLogin -->
  <testcase name="verifyWindows" time="0.0" classname="com.training.test.LoginTest">
    <ignored/>
  </testcase> <!-- verifyWindows -->
</testsuite> <!-- Default test -->
