<?xml version="1.0" encoding="UTF-8"?>
<!-- Generated by org.testng.reporters.JUnitXMLReporter -->
<testsuite hostname="LAPTOP-6I37K8RN" ignored="0" name="Dashboard" tests="3" failures="0" timestamp="2022-02-23T23:26:30 IST" time="0.011" errors="0">
  <testcase name="test1" time="0.001" classname="com.training.testng.FirstClass"/>
  <testcase name="test2" time="0.001" classname="com.training.testng.FirstClass"/>
  <testcase name="test2" time="0.001" classname="com.training.testng.SecondClass"/>
</testsuite> <!-- Dashboard -->
